c:\users\user\desktop\c_language_workshop-main\cw_ex1\cw_ex1\debug\vc142.pdb
c:\users\user\desktop\c_language_workshop-main\cw_ex1\cw_ex1\debug\vc142.idb
c:\users\user\desktop\c_language_workshop-main\cw_ex1\cw_ex1\debug\ui.obj
c:\users\user\desktop\c_language_workshop-main\cw_ex1\cw_ex1\debug\test.obj
c:\users\user\desktop\c_language_workshop-main\cw_ex1\cw_ex1\debug\main.obj
c:\users\user\desktop\c_language_workshop-main\cw_ex1\cw_ex1\debug\linked_list.obj
c:\users\user\desktop\c_language_workshop-main\cw_ex1\debug\cw_ex1.exe
c:\users\user\desktop\c_language_workshop-main\cw_ex1\debug\cw_ex1.ilk
c:\users\user\desktop\c_language_workshop-main\cw_ex1\debug\cw_ex1.pdb
c:\users\user\desktop\cw_ex1\cw_ex1\debug\linked_list.obj
c:\users\user\desktop\cw_ex1\cw_ex1\debug\main.obj
c:\users\user\desktop\cw_ex1\cw_ex1\debug\test.obj
c:\users\user\desktop\cw_ex1\cw_ex1\debug\ui.obj
c:\users\user\desktop\cw_ex1\cw_ex1\debug\vc142.idb
c:\users\user\desktop\cw_ex1\cw_ex1\debug\vc142.pdb
c:\users\user\desktop\cw_ex1\debug\cw_ex1.pdb
c:\users\user\desktop\cw_ex1\debug\cw_ex1.exe
c:\users\user\desktop\cw_ex1\debug\cw_ex1.ilk
c:\users\user\desktop\cw_ex1\cw_ex1\debug\cw_ex1.tlog\cl.command.1.tlog
c:\users\user\desktop\cw_ex1\cw_ex1\debug\cw_ex1.tlog\cl.read.1.tlog
c:\users\user\desktop\cw_ex1\cw_ex1\debug\cw_ex1.tlog\cl.write.1.tlog
c:\users\user\desktop\cw_ex1\cw_ex1\debug\cw_ex1.tlog\link.command.1.tlog
c:\users\user\desktop\cw_ex1\cw_ex1\debug\cw_ex1.tlog\link.read.1.tlog
c:\users\user\desktop\cw_ex1\cw_ex1\debug\cw_ex1.tlog\link.write.1.tlog
